[4m>>>> Executing external compose provider "/usr/sbin/podman-compose". Please see podman-compose(1) for how to disable this message. <<<<

[0mResolving "minio/minio" using unqualified-search registries (/etc/containers/registries.conf.d/999-podman-machine.conf)
Trying to pull docker.io/minio/minio:latest...
Getting image source signatures
Copying blob sha256:7c6ea1bdb2f6d20053ff105adbf21e3cfabc4ba3774dc6d849e6811e3fa1a765
Copying blob sha256:4e6e13ec1e11d081858332af724abc4767cb335c70a232ab2c4904a11c81ca71
Copying blob sha256:4ca31cd8344e42190b065af1699ea62b6f5b5acfa5b9d93b5c27466b62989ca4
Copying blob sha256:c75db12fb9c02ea876da23013cc9f7a88f576503c3e1cefc9d69ae4e5457461a
Copying blob sha256:166b5f0a4239e97e9d4803c4d18a3f62e001f1fd52508109cd6b54a0077af985
Copying blob sha256:7b79da5d3567e4edf09247b21a408253f41d1c76195b149aa4487d6941602df1
Copying blob sha256:2f0dae0f0359429c85df5e225dcc27d0707f958838936a4603bc2cf8f37e74ca
Copying blob sha256:f06361c774fad004bdc8571c1f5bf83e38dae640a6e10e79c958c2644df497e7
Copying blob sha256:1e1cfd58aa021dea2b6da43946603ae51da32fc4dddcaa8d1a95bfaf0cbaab42
Copying config sha256:8f08aee614800a237906bd48114d733e5ac5bfac4ccdf731f141b0e880d7a253
Writing manifest to image destination
Resolving "redis" using unqualified-search registries (/etc/containers/registries.conf.d/999-podman-machine.conf)
Trying to pull docker.io/library/redis:7...
Getting image source signatures
Copying blob sha256:5a3c5aa4352356edb16dff3ade418333e6c490b01b70397587a929b8f3e1c20f
Copying blob sha256:3192d1ef172c0da081f3afeaae78f0e9c8465faf5b13ffd0004e27c31e4ebd95
Copying blob sha256:be31aa8c2e30f232c364866a5f304eaf99dabf548d43c545da4d8be374ea3dc7
Copying blob sha256:6729706c51e4ebaa8998b231c1f1759d45026a70c681401c4f95826f48f9977a
Copying blob sha256:041efc5f7ec027de49492b1ea970321ce38bd68f88dbc62d8ab7fa545f16dd5b
Copying blob sha256:8a4a7306158c2bef7a131de3110e384f4822829cbcce20bc6b4ba32dd82a1d87
Copying blob sha256:4f4fb700ef54461cfa02571ae0db9a0dc1e0cdb5577484a6d75e68dc38e8acc1
Copying blob sha256:34b3c36e94118030b3d63118836e00e7764826ed7f46e66894024b35b273e224
Copying config sha256:6a2220794e7a510475ff153fa3d654cd9faf6139d877a32cdf619460fd366a4f
Writing manifest to image destination
Resolving "postgres" using unqualified-search registries (/etc/containers/registries.conf.d/999-podman-machine.conf)
Trying to pull docker.io/library/postgres:15...
Getting image source signatures
Copying blob sha256:c5cd7ec7dd0dd84e94a5edc5c33d22f9be07bfcfff01d6500db92ccf7bb377dd
Copying blob sha256:8cf4a2acf9d5f2038bcd6cc3c232311837593b502a812b069beca53431c875ca
Copying blob sha256:f626fba1463b32b20f78d29b52dcf15be927dbb5372a9ba6a5f97aad47ae220b
Copying blob sha256:664f0bccbde9dc5b971d40c773abaeb2f65e1c9840a006e9c390477c66ccc6c1
Copying blob sha256:76c13c3adc513e45485fc54221eaf327feb8452fd566aea55814c7b2489e7da7
Copying blob sha256:46f0be4a484bef409ee18623b6e0d4e3c31a1d7449030be25be47611fd7cb906
Copying blob sha256:eccd2ce36f84c63ece15a310b013fcf803b4950c9ce7c332eb94e03e66c1431c
Copying blob sha256:1579d3090d45647c8a60a74cf1698a566aa879af7e9545c47a976c5c2eebcbf6
Copying blob sha256:8143bc8b149c48b7b8470b6b2170e3b2594ae858dae8f31190c4a937125e8f49
Copying blob sha256:7c03e57cb9d0b998b611e6dc8fa411b64c5562e3ae2737018f3f866181bf3d59
Copying blob sha256:c7dc14efbb262527ead7f159f3e603df6b0ae186994927e6f43d87e3f0e2c086
Copying blob sha256:c71e4109d6610b9a928963bfccb1621b5fad7f7b2087cdc429163012dffeda87
Copying blob sha256:4b15c91cf972154ef8d459f17898dc554e68b9574989eab2fc13fa023c835c01
Copying blob sha256:6b4f28eed590b72e357774eff35df5b533f7c24a665ca18b7760f3ea0d0eefb3
Copying config sha256:11d90c925bb0ba31af53e90345e0941661679073faa8eb4598496a0609d0e827
Writing manifest to image destination
Resolving "rasa/rasa" using unqualified-search registries (/etc/containers/registries.conf.d/999-podman-machine.conf)
Trying to pull docker.io/rasa/rasa:3.6.20...
Getting image source signatures
Copying blob sha256:f72bba6d62932fd03efad22a76d21dc3a8d4998e6c0b9eba3d82ef6f11577776
Copying blob sha256:50532f3355eccaa7f184475b4da83a263ac11f86cc1c6618d28b6567c3fe7675
Copying blob sha256:445a6a12be2be54b4da18d7c77d4a41bc4746bc422f1f4325a60ff4fc7ea2e5d
Copying blob sha256:5c0e8d16e4048876e4b65942adc6035d36abd48d50643659e6e8b25d12c641c9
Copying blob sha256:24e4804a1dbf7990aa9d9ec6e01b2a56aadfdfb721f7c1c1f9207adfe2943052
Copying blob sha256:01639847809681d4e0ac6dad6d2efcfe1fc34aa0b0d46dfc5bd9d41483e01c7b
Copying blob sha256:4f4fb700ef54461cfa02571ae0db9a0dc1e0cdb5577484a6d75e68dc38e8acc1
Copying blob sha256:903b9bd8420885647ab87a8d4beb3496b9d79835baf6ba9086470c0caa4cb631
Copying config sha256:6b8d729aa93f1290cb580a9512efa9d18093b752e56d1e7332ed5b434049e05e
Writing manifest to image destination
